<?xml version="1.0" encoding="UTF-8"?>
<testExecutions version="1">
  <file path="/home/puneetv/Documents/web/react/Assignment/blinkist/src/component/organism/Card/index.test.tsx">
    <testCase name="should render same bookname text" duration="271"/>
    <testCase name="should render same writer name text" duration="62"/>
    <testCase name="should render same time read text" duration="78"/>
    <testCase name="should render white background color if inLibrary is true" duration="126"/>
    <testCase name="should render different color of card body when inLibrary is false as well as in hoveredState" duration="136"/>
    <testCase name="should render different color od card box when inLibrary is false as well as in hoveredState" duration="74"/>
    <testCase name="should card-library-handler be clickable and when inLIbrary is false" duration="47"/>
  </file>
  <file path="/home/puneetv/Documents/web/react/Assignment/blinkist/src/component/organism/Explore/index.test.tsx">
    <testCase name="Explore render Explore by category heading" duration="430"/>
    <testCase name="Explore should recently added text to be clickable" duration="289"/>
    <testCase name="Explore should See popular titles to be clickable" duration="231"/>
    <testCase name="Explore Explore by category text should be blue" duration="247"/>
    <testCase name="Explore Nav Icon count should be 26" duration="280"/>
  </file>
  <file path="/home/puneetv/Documents/web/react/Assignment/blinkist/src/component/organism/Header/index.test.tsx">
    <testCase name="Header search-state-button button should be clickable" duration="1522"/>
  </file>
  <file path="/home/puneetv/Documents/web/react/Assignment/blinkist/src/component/page/MyLibrary/index.test.tsx">
    <testCase name="Library renders cicular progress bar if books are not available" duration="583"/>
    <testCase name="Library should not render cicular progress bar if books are available" duration="300"/>
    <testCase name="Library should render same no of finished books" duration="811"/>
    <testCase name="Library should render same no of currently books" duration="288"/>
  </file>
  <file path="/home/puneetv/Documents/web/react/Assignment/blinkist/src/component/page/Home/index.test.tsx">
    <testCase name="Home should render input" duration="1286"/>
    <testCase name="Home should render containers matching to data length" duration="453"/>
    <testCase name="Home should render a circularbox if library is empty" duration="143"/>
    <testCase name="Home clickable library handler" duration="518"/>
  </file>
  <file path="/home/puneetv/Documents/web/react/Assignment/blinkist/src/component/molecule/tabs/index.test.tsx">
    <testCase name="should render 2 tabw for 2 length data" duration="337"/>
    <testCase name="should have green indicator color for currently reading tab by default" duration="66"/>
  </file>
  <file path="/home/puneetv/Documents/web/react/Assignment/blinkist/src/component/molecule/NavIcon/index.test.tsx">
    <testCase name="render the nav icon as well as label" duration="72"/>
    <testCase name="Left icon" duration="16"/>
    <testCase name="Right icon" duration="13"/>
  </file>
  <file path="/home/puneetv/Documents/web/react/Assignment/blinkist/src/component/atom/ProgressBar/index.test.tsx">
    <testCase name="should render progressbar" duration="130"/>
    <testCase name="should render progressbar with value" duration="29"/>
    <testCase name="should render 0 for value undefined" duration="49"/>
  </file>
  <file path="/home/puneetv/Documents/web/react/Assignment/blinkist/src/component/organism/Footer/index.test.tsx">
    <testCase name="Footer renders logo" duration="210"/>
    <testCase name="Footer renders slogan text" duration="123"/>
    <testCase name="Footer renders three topics" duration="66"/>
  </file>
  <file path="/home/puneetv/Documents/web/react/Assignment/blinkist/src/component/template/Template/index.test.tsx">
    <testCase name="Template should render circular bar if data is empty" duration="166"/>
    <testCase name="Template should not render circular bar if data is not empty" duration="5088"/>
    <testCase name="Template handle-explore button should be clickable" duration="62"/>
  </file>
  <file path="/home/puneetv/Documents/web/react/Assignment/blinkist/src/component/page/BookInfo/index.test.tsx">
    <testCase name="Book Info should render circular bar if data is empty" duration="207"/>
    <testCase name="Book Info should not render circular bar if data is not empty" duration="2077"/>
    <testCase name="Book Info should render tabs with clickable option" duration="2189"/>
    <testCase name="Book Info should render third tab with clickable option" duration="2118"/>
  </file>
  <file path="/home/puneetv/Documents/web/react/Assignment/blinkist/src/component/atom/Icon/index.test.tsx">
    <testCase name="should render passed icon" duration="59"/>
  </file>
  <file path="/home/puneetv/Documents/web/react/Assignment/blinkist/src/component/atom/Input/index.test.tsx">
    <testCase name="should render input element" duration="176"/>
    <testCase name="should be able to type in input" duration="43"/>
  </file>
  <file path="/home/puneetv/Documents/web/react/Assignment/blinkist/src/component/atom/Blank/index.test.tsx">
    <testCase name="renders button with label" duration="62"/>
  </file>
  <file path="/home/puneetv/Documents/web/react/Assignment/blinkist/src/component/molecule/Banner/index.test.tsx">
    <testCase name="Banner Heading" duration="126"/>
    <testCase name="Bannner discription" duration="23"/>
  </file>
  <file path="/home/puneetv/Documents/web/react/Assignment/blinkist/src/component/atom/Button/index.test.tsx">
    <testCase name="renders button with label" duration="110"/>
  </file>
  <file path="/home/puneetv/Documents/web/react/Assignment/blinkist/src/component/atom/Typography/index.test.tsx">
    <testCase name="should render progressbar" duration="39"/>
  </file>
  <file path="/home/puneetv/Documents/web/react/Assignment/blinkist/src/component/molecule/Logo/index.test.tsx">
    <testCase name="Logo" duration="51"/>
  </file>
  <file path="/home/puneetv/Documents/web/react/Assignment/blinkist/src/component/molecule/Search/index.test.tsx">
    <testCase name="should render input box" duration="168"/>
    <testCase name="should render filtered result of length 2 for Employee search" duration="243"/>
  </file>
</testExecutions>