<?xml version="1.0" encoding="UTF-8"?>
<testExecutions version="1">
  <file path="/home/puneetv/Documents/web/react/Assignment/blinkist/src/component/molecule/Banner/index.test.tsx">
    <testCase name="Banner Heading" duration="150"/>
    <testCase name="Bannner discription" duration="36"/>
  </file>
  <file path="/home/puneetv/Documents/web/react/Assignment/blinkist/src/component/atom/Blank/index.test.tsx">
    <testCase name="renders button with label" duration="115"/>
  </file>
  <file path="/home/puneetv/Documents/web/react/Assignment/blinkist/src/component/organism/Footer/index.test.tsx">
    <testCase name="Footer renders logo" duration="254"/>
    <testCase name="Footer renders slogan text" duration="55"/>
    <testCase name="Footer renders three topics" duration="47"/>
  </file>
  <file path="/home/puneetv/Documents/web/react/Assignment/blinkist/src/component/molecule/NavIcon/index.test.tsx">
    <testCase name="render the nav icon as well as label" duration="79"/>
    <testCase name="Left icon" duration="19"/>
    <testCase name="Right icon" duration="15"/>
  </file>
  <file path="/home/puneetv/Documents/web/react/Assignment/blinkist/src/component/molecule/Logo/index.test.tsx">
    <testCase name="Logo" duration="84"/>
  </file>
  <file path="/home/puneetv/Documents/web/react/Assignment/blinkist/src/component/atom/ProgressBar/index.test.tsx">
    <testCase name="should render progressbar" duration="140"/>
    <testCase name="should render progressbar with value" duration="48"/>
    <testCase name="should render 0 for value undefined" duration="54"/>
  </file>
  <file path="/home/puneetv/Documents/web/react/Assignment/blinkist/src/component/molecule/tabs/index.test.tsx">
    <testCase name="should render 2 tabw for 2 length data" duration="559"/>
    <testCase name="should have green indicator color for currently reading tab by default" duration="97"/>
  </file>
  <file path="/home/puneetv/Documents/web/react/Assignment/blinkist/src/component/atom/Typography/index.test.tsx">
    <testCase name="should render progressbar" duration="69"/>
  </file>
  <file path="/home/puneetv/Documents/web/react/Assignment/blinkist/src/component/molecule/Search/index.test.tsx">
    <testCase name="should render input box" duration="270"/>
    <testCase name="should render filtered result of length 2 for Employee search" duration="356"/>
  </file>
  <file path="/home/puneetv/Documents/web/react/Assignment/blinkist/src/component/organism/Card/index.test.tsx">
    <testCase name="should render same bookname text" duration="214"/>
    <testCase name="should render same writer name text" duration="57"/>
    <testCase name="should render same time read text" duration="42"/>
    <testCase name="should render white background color if inLibrary is true" duration="141"/>
    <testCase name="should render different color of card body when inLibrary is false as well as in hoveredState" duration="108"/>
    <testCase name="should render different color od card box when inLibrary is false as well as in hoveredState" duration="95"/>
    <testCase name="should card-library-handler be clickable and when inLIbrary is false" duration="32"/>
  </file>
  <file path="/home/puneetv/Documents/web/react/Assignment/blinkist/src/component/organism/Explore/index.test.tsx">
    <testCase name="Explore render Explore by category heading" duration="405"/>
    <testCase name="Explore should recently added text to be clickable" duration="237"/>
    <testCase name="Explore should See popular titles to be clickable" duration="179"/>
    <testCase name="Explore Explore by category text should be blue" duration="179"/>
    <testCase name="Explore Nav Icon count should be 26" duration="219"/>
  </file>
  <file path="/home/puneetv/Documents/web/react/Assignment/blinkist/src/component/atom/Input/index.test.tsx">
    <testCase name="should render input element" duration="153"/>
    <testCase name="should be able to type in input" duration="37"/>
  </file>
  <file path="/home/puneetv/Documents/web/react/Assignment/blinkist/src/component/page/Home/index.test.tsx">
    <testCase name="Home should render input" duration="1021"/>
    <testCase name="Home should render containers matching to data length" duration="322"/>
    <testCase name="Home should render a circularbox if library is empty" duration="93"/>
    <testCase name="Home clickable library handler" duration="337"/>
  </file>
  <file path="/home/puneetv/Documents/web/react/Assignment/blinkist/src/component/page/MyLibrary/index.test.tsx">
    <testCase name="Library renders cicular progress bar if books are not available" duration="567"/>
    <testCase name="Library should not render cicular progress bar if books are available" duration="177"/>
    <testCase name="Library should render same no of finished books" duration="480"/>
    <testCase name="Library should render same no of currently books" duration="188"/>
  </file>
  <file path="/home/puneetv/Documents/web/react/Assignment/blinkist/src/component/atom/Icon/index.test.tsx">
    <testCase name="should render passed icon" duration="37"/>
  </file>
  <file path="/home/puneetv/Documents/web/react/Assignment/blinkist/src/component/atom/Button/index.test.tsx">
    <testCase name="renders button with label" duration="55"/>
  </file>
  <file path="/home/puneetv/Documents/web/react/Assignment/blinkist/src/component/page/BookInfo/index.test.tsx">
    <testCase name="Book Info should render circular bar if data is empty" duration="241"/>
    <testCase name="Book Info should not render circular bar if data is not empty" duration="2054"/>
    <testCase name="Book Info should render tabs with clickable option" duration="2103"/>
  </file>
</testExecutions>