<?xml version="1.0" encoding="UTF-8"?>
<testExecutions version="1">
  <file path="/home/puneetv/Documents/web/react/Assignment/blinkist/src/component/molecule/Banner/index.test.tsx">
    <testCase name="Banner Heading" duration="126"/>
    <testCase name="Bannner discription" duration="24"/>
  </file>
  <file path="/home/puneetv/Documents/web/react/Assignment/blinkist/src/component/organism/Footer/index.test.tsx">
    <testCase name="Footer renders logo" duration="212"/>
    <testCase name="Footer renders slogan text" duration="48"/>
    <testCase name="Footer renders three topics" duration="44"/>
  </file>
  <file path="/home/puneetv/Documents/web/react/Assignment/blinkist/src/component/atom/ProgressBar/index.test.tsx">
    <testCase name="should render progressbar" duration="104"/>
    <testCase name="should render progressbar with value" duration="34"/>
    <testCase name="should render 0 for value undefined" duration="25"/>
  </file>
  <file path="/home/puneetv/Documents/web/react/Assignment/blinkist/src/component/atom/Button/index.test.tsx">
    <testCase name="renders button with label" duration="141"/>
  </file>
  <file path="/home/puneetv/Documents/web/react/Assignment/blinkist/src/component/atom/Input/index.test.tsx">
    <testCase name="should render input element" duration="171"/>
    <testCase name="should be able to type in input" duration="34"/>
  </file>
  <file path="/home/puneetv/Documents/web/react/Assignment/blinkist/src/component/molecule/NavIcon/index.test.tsx">
    <testCase name="render the nav icon as well as label" duration="62"/>
    <testCase name="Left icon" duration="13"/>
    <testCase name="Right icon" duration="10"/>
  </file>
  <file path="/home/puneetv/Documents/web/react/Assignment/blinkist/src/component/atom/Typography/index.test.tsx">
    <testCase name="should render progressbar" duration="46"/>
  </file>
  <file path="/home/puneetv/Documents/web/react/Assignment/blinkist/src/component/molecule/Logo/index.test.tsx">
    <testCase name="Logo" duration="100"/>
  </file>
  <file path="/home/puneetv/Documents/web/react/Assignment/blinkist/src/component/organism/Card/index.test.tsx">
    <testCase name="should render same bookname text" duration="210"/>
    <testCase name="should render same writer name text" duration="49"/>
    <testCase name="should render same time read text" duration="32"/>
    <testCase name="should render white background color if inLibrary is true" duration="118"/>
    <testCase name="should render different color of card body when inLibrary is false as well as in hoveredState" duration="71"/>
    <testCase name="should render different color od card box when inLibrary is false as well as in hoveredState" duration="66"/>
    <testCase name="should card-library-handler be clickable and when inLIbrary is false" duration="59"/>
  </file>
  <file path="/home/puneetv/Documents/web/react/Assignment/blinkist/src/component/molecule/Search/index.test.tsx">
    <testCase name="should render input box" duration="235"/>
    <testCase name="should render filtered result of length 2 for Employee search" duration="288"/>
  </file>
  <file path="/home/puneetv/Documents/web/react/Assignment/blinkist/src/component/organism/Explore/index.test.tsx">
    <testCase name="Explore render Explore by category heading" duration="602"/>
    <testCase name="Explore should recently added text to be clickable" duration="215"/>
    <testCase name="Explore should See popular titles to be clickable" duration="184"/>
    <testCase name="Explore Explore by category text should be blue" duration="156"/>
    <testCase name="Explore Nav Icon count should be 26" duration="239"/>
  </file>
  <file path="/home/puneetv/Documents/web/react/Assignment/blinkist/src/component/atom/Blank/index.test.tsx">
    <testCase name="renders button with label" duration="126"/>
  </file>
  <file path="/home/puneetv/Documents/web/react/Assignment/blinkist/src/component/atom/Icon/index.test.tsx">
    <testCase name="should render passed icon" duration="72"/>
  </file>
  <file path="/home/puneetv/Documents/web/react/Assignment/blinkist/src/component/page/BookInfo/index.test.tsx">
    <testCase name="Book Info should render circular bar if data is empty" duration="224"/>
  </file>
  <file path="/home/puneetv/Documents/web/react/Assignment/blinkist/src/component/page/MyLibrary/index.test.tsx">
    <testCase name="Library renders cicular progress bar if books are not available" duration="533"/>
    <testCase name="Library should not render cicular progress bar if books are available" duration="298"/>
    <testCase name="Library should render same no of finished books" duration="644"/>
    <testCase name="Library should render same no of currently books" duration="175"/>
  </file>
  <file path="/home/puneetv/Documents/web/react/Assignment/blinkist/src/component/molecule/tabs/index.test.tsx">
    <testCase name="should render 2 tabw for 2 length data" duration="226"/>
    <testCase name="should have green indicator color for currently reading tab by default" duration="39"/>
  </file>
  <file path="/home/puneetv/Documents/web/react/Assignment/blinkist/src/component/page/Home/index.test.tsx">
    <testCase name="Home should render input" duration="567"/>
    <testCase name="Home should render containers matching to data length" duration="241"/>
    <testCase name="Home should render a circularbox if library is empty" duration="45"/>
    <testCase name="Home clickable library handler" duration="228"/>
  </file>
</testExecutions>