<?xml version="1.0" encoding="UTF-8"?>
<testExecutions version="1">
  <file path="/home/puneetv/Documents/web/react/Assignment/blinkist/src/component/organism/Footer/index.test.tsx">
    <testCase name="Footer renders logo" duration="341"/>
    <testCase name="Footer renders slogan text" duration="44"/>
    <testCase name="Footer renders three topics" duration="41"/>
  </file>
  <file path="/home/puneetv/Documents/web/react/Assignment/blinkist/src/component/molecule/Banner/index.test.tsx">
    <testCase name="Banner Heading" duration="137"/>
    <testCase name="Bannner discription" duration="40"/>
  </file>
  <file path="/home/puneetv/Documents/web/react/Assignment/blinkist/src/component/atom/Input/index.test.tsx">
    <testCase name="should render input element" duration="178"/>
    <testCase name="should be able to type in input" duration="39"/>
  </file>
  <file path="/home/puneetv/Documents/web/react/Assignment/blinkist/src/component/atom/Blank/index.test.tsx">
    <testCase name="renders button with label" duration="86"/>
  </file>
  <file path="/home/puneetv/Documents/web/react/Assignment/blinkist/src/component/molecule/tabs/index.test.tsx">
    <testCase name="should render 2 tabw for 2 length data" duration="442"/>
    <testCase name="should have green indicator color for currently reading tab by default" duration="86"/>
  </file>
  <file path="/home/puneetv/Documents/web/react/Assignment/blinkist/src/component/atom/Typography/index.test.tsx">
    <testCase name="should render progressbar" duration="229"/>
  </file>
  <file path="/home/puneetv/Documents/web/react/Assignment/blinkist/src/component/molecule/NavIcon/index.test.tsx">
    <testCase name="render the nav icon as well as label" duration="85"/>
    <testCase name="Left icon" duration="15"/>
    <testCase name="Right icon" duration="14"/>
  </file>
  <file path="/home/puneetv/Documents/web/react/Assignment/blinkist/src/component/molecule/Logo/index.test.tsx">
    <testCase name="Logo" duration="61"/>
  </file>
  <file path="/home/puneetv/Documents/web/react/Assignment/blinkist/src/component/atom/Button/index.test.tsx">
    <testCase name="renders button with label" duration="121"/>
  </file>
  <file path="/home/puneetv/Documents/web/react/Assignment/blinkist/src/component/atom/ProgressBar/index.test.tsx">
    <testCase name="should render progressbar" duration="183"/>
    <testCase name="should render progressbar with value" duration="26"/>
    <testCase name="should render 0 for value undefined" duration="31"/>
  </file>
  <file path="/home/puneetv/Documents/web/react/Assignment/blinkist/src/component/atom/Icon/index.test.tsx">
    <testCase name="should render passed icon" duration="58"/>
  </file>
  <file path="/home/puneetv/Documents/web/react/Assignment/blinkist/src/component/molecule/Search/index.test.tsx">
    <testCase name="should render input box" duration="223"/>
    <testCase name="should render filtered result of length 2 for Employee search" duration="292"/>
  </file>
  <file path="/home/puneetv/Documents/web/react/Assignment/blinkist/src/component/organism/Card/index.test.tsx">
    <testCase name="should render same bookname text" duration="228"/>
    <testCase name="should render same writer name text" duration="47"/>
    <testCase name="should render same time read text" duration="38"/>
    <testCase name="should render white background color if inLibrary is true" duration="113"/>
    <testCase name="should render different color of card body when inLibrary is false as well as in hoveredState" duration="74"/>
    <testCase name="should render different color od card box when inLibrary is false as well as in hoveredState" duration="65"/>
    <testCase name="should card-library-handler be clickable and when inLIbrary is false" duration="43"/>
  </file>
  <file path="/home/puneetv/Documents/web/react/Assignment/blinkist/src/component/organism/Explore/index.test.tsx">
    <testCase name="Explore render Explore by category heading" duration="346"/>
    <testCase name="Explore should recently added text to be clickable" duration="194"/>
    <testCase name="Explore should See popular titles to be clickable" duration="255"/>
    <testCase name="Explore Explore by category text should be blue" duration="163"/>
    <testCase name="Explore Nav Icon count should be 26" duration="125"/>
  </file>
  <file path="/home/puneetv/Documents/web/react/Assignment/blinkist/src/component/page/MyLibrary/index.test.tsx">
    <testCase name="Library renders cicular progress bar if books are not available" duration="474"/>
    <testCase name="Library should not render cicular progress bar if books are available" duration="124"/>
    <testCase name="Library should render same no of finished books" duration="377"/>
    <testCase name="Library should render same no of currently books" duration="171"/>
  </file>
  <file path="/home/puneetv/Documents/web/react/Assignment/blinkist/src/component/page/Home/index.test.tsx">
    <testCase name="Home should render input" duration="605"/>
    <testCase name="Home should render containers matching to data length" duration="286"/>
    <testCase name="Home should render a circularbox if library is empty" duration="44"/>
    <testCase name="Home clickable library handler" duration="273"/>
  </file>
</testExecutions>