<?xml version="1.0" encoding="UTF-8"?>
<testExecutions version="1">
  <file path="/home/puneetv/Documents/web/react/Assignment/blinkist/src/component/atom/ProgressBar/index.test.tsx">
    <testCase name="should render progressbar" duration="265"/>
    <testCase name="should render progressbar with value" duration="54"/>
    <testCase name="should render 0 for value undefined" duration="52"/>
  </file>
  <file path="/home/puneetv/Documents/web/react/Assignment/blinkist/src/component/organism/Footer/index.test.tsx">
    <testCase name="Footer renders logo" duration="393"/>
    <testCase name="Footer renders slogan text" duration="70"/>
    <testCase name="Footer renders three topics" duration="65"/>
  </file>
  <file path="/home/puneetv/Documents/web/react/Assignment/blinkist/src/component/molecule/Banner/index.test.tsx">
    <testCase name="Banner Heading" duration="162"/>
    <testCase name="Bannner discription" duration="32"/>
  </file>
  <file path="/home/puneetv/Documents/web/react/Assignment/blinkist/src/component/atom/Button/index.test.tsx">
    <testCase name="renders button with label" duration="257"/>
  </file>
  <file path="/home/puneetv/Documents/web/react/Assignment/blinkist/src/component/molecule/NavIcon/index.test.tsx">
    <testCase name="render the nav icon as well as label" duration="132"/>
    <testCase name="Left icon" duration="19"/>
    <testCase name="Right icon" duration="45"/>
  </file>
  <file path="/home/puneetv/Documents/web/react/Assignment/blinkist/src/component/molecule/Logo/index.test.tsx">
    <testCase name="Logo" duration="182"/>
  </file>
  <file path="/home/puneetv/Documents/web/react/Assignment/blinkist/src/component/molecule/tabs/index.test.tsx">
    <testCase name="should render 2 tabw for 2 length data" duration="408"/>
    <testCase name="should have green indicator color for currently reading tab by default" duration="88"/>
  </file>
  <file path="/home/puneetv/Documents/web/react/Assignment/blinkist/src/component/atom/Input/index.test.tsx">
    <testCase name="should render input element" duration="226"/>
    <testCase name="should be able to type in input" duration="43"/>
  </file>
  <file path="/home/puneetv/Documents/web/react/Assignment/blinkist/src/component/atom/Typography/index.test.tsx">
    <testCase name="should render progressbar" duration="69"/>
  </file>
  <file path="/home/puneetv/Documents/web/react/Assignment/blinkist/src/component/atom/Icon/index.test.tsx">
    <testCase name="should render passed icon" duration="95"/>
  </file>
  <file path="/home/puneetv/Documents/web/react/Assignment/blinkist/src/component/atom/Blank/index.test.tsx">
    <testCase name="renders button with label" duration="84"/>
  </file>
  <file path="/home/puneetv/Documents/web/react/Assignment/blinkist/src/component/organism/Card/index.test.tsx">
    <testCase name="should render same bookname text" duration="202"/>
    <testCase name="should render same writer name text" duration="41"/>
    <testCase name="should render same time read text" duration="50"/>
    <testCase name="should render white background color if inLibrary is true" duration="124"/>
    <testCase name="should render different color of card body when inLibrary is false as well as in hoveredState" duration="78"/>
    <testCase name="should render different color od card box when inLibrary is false as well as in hoveredState" duration="53"/>
    <testCase name="should card-library-handler be clickable and when inLIbrary is false" duration="30"/>
  </file>
  <file path="/home/puneetv/Documents/web/react/Assignment/blinkist/src/component/molecule/Search/index.test.tsx">
    <testCase name="should render input box" duration="246"/>
    <testCase name="should render filtered result of length 2 for Employee search" duration="466"/>
  </file>
  <file path="/home/puneetv/Documents/web/react/Assignment/blinkist/src/component/organism/Explore/index.test.tsx">
    <testCase name="Explore render Explore by category heading" duration="410"/>
    <testCase name="Explore should recently added text to be clickable" duration="177"/>
    <testCase name="Explore should See popular titles to be clickable" duration="162"/>
    <testCase name="Explore Explore by category text should be blue" duration="123"/>
    <testCase name="Explore Nav Icon count should be 26" duration="103"/>
  </file>
  <file path="/home/puneetv/Documents/web/react/Assignment/blinkist/src/component/page/MyLibrary/index.test.tsx">
    <testCase name="Library renders cicular progress bar if books are not available" duration="288"/>
    <testCase name="Library should not render cicular progress bar if books are available" duration="106"/>
    <testCase name="Library should render same no of finished books" duration="265"/>
    <testCase name="Library should render same no of currently books" duration="119"/>
  </file>
</testExecutions>