<?xml version="1.0" encoding="UTF-8"?>
<testExecutions version="1">
  <file path="/home/puneetv/Documents/web/react/Assignment/blinkist/src/component/molecule/Banner/index.test.tsx">
    <testCase name="Banner Heading" duration="123"/>
    <testCase name="Bannner discription" duration="41"/>
  </file>
  <file path="/home/puneetv/Documents/web/react/Assignment/blinkist/src/component/atom/Button/index.test.tsx">
    <testCase name="renders button with label" duration="166"/>
  </file>
  <file path="/home/puneetv/Documents/web/react/Assignment/blinkist/src/component/organism/Footer/index.test.tsx">
    <testCase name="Footer renders logo" duration="268"/>
    <testCase name="Footer renders slogan text" duration="52"/>
    <testCase name="Footer renders three topics" duration="62"/>
  </file>
  <file path="/home/puneetv/Documents/web/react/Assignment/blinkist/src/component/atom/Typography/index.test.tsx">
    <testCase name="should render progressbar" duration="52"/>
  </file>
  <file path="/home/puneetv/Documents/web/react/Assignment/blinkist/src/component/atom/Blank/index.test.tsx">
    <testCase name="renders button with label" duration="89"/>
  </file>
  <file path="/home/puneetv/Documents/web/react/Assignment/blinkist/src/component/atom/Input/index.test.tsx">
    <testCase name="should render input element" duration="142"/>
    <testCase name="should be able to type in input" duration="53"/>
  </file>
  <file path="/home/puneetv/Documents/web/react/Assignment/blinkist/src/component/molecule/Logo/index.test.tsx">
    <testCase name="Logo" duration="77"/>
  </file>
  <file path="/home/puneetv/Documents/web/react/Assignment/blinkist/src/component/atom/ProgressBar/index.test.tsx">
    <testCase name="should render progressbar" duration="122"/>
    <testCase name="should render progressbar with value" duration="66"/>
    <testCase name="should render 0 for value undefined" duration="66"/>
  </file>
  <file path="/home/puneetv/Documents/web/react/Assignment/blinkist/src/component/organism/Card/index.test.tsx">
    <testCase name="should render same bookname text" duration="208"/>
    <testCase name="should render same writer name text" duration="44"/>
    <testCase name="should render same time read text" duration="62"/>
    <testCase name="should render white background color if inLibrary is true" duration="109"/>
    <testCase name="should render different color of card body when inLibrary is false as well as in hoveredState" duration="75"/>
    <testCase name="should render different color od card box when inLibrary is false as well as in hoveredState" duration="80"/>
    <testCase name="should card-library-handler be clickable and when inLIbrary is false" duration="31"/>
  </file>
  <file path="/home/puneetv/Documents/web/react/Assignment/blinkist/src/component/molecule/Search/index.test.tsx">
    <testCase name="should render input box" duration="296"/>
    <testCase name="should render filtered result of length 2 for Employee search" duration="319"/>
  </file>
  <file path="/home/puneetv/Documents/web/react/Assignment/blinkist/src/component/molecule/NavIcon/index.test.tsx">
    <testCase name="render the nav icon as well as label" duration="94"/>
    <testCase name="Left icon" duration="23"/>
    <testCase name="Right icon" duration="21"/>
  </file>
  <file path="/home/puneetv/Documents/web/react/Assignment/blinkist/src/component/organism/Explore/index.test.tsx">
    <testCase name="Explore render Explore by category heading" duration="410"/>
    <testCase name="Explore should recently added text to be clickable" duration="262"/>
    <testCase name="Explore should See popular titles to be clickable" duration="263"/>
    <testCase name="Explore Explore by category text should be blue" duration="204"/>
    <testCase name="Explore Nav Icon count should be 26" duration="181"/>
  </file>
  <file path="/home/puneetv/Documents/web/react/Assignment/blinkist/src/component/page/MyLibrary/index.test.tsx">
    <testCase name="Library renders cicular progress bar if books are not available" duration="534"/>
    <testCase name="Library should not render cicular progress bar if books are available" duration="222"/>
    <testCase name="Library should render same no of finished books" duration="560"/>
    <testCase name="Library should render same no of currently books" duration="194"/>
  </file>
  <file path="/home/puneetv/Documents/web/react/Assignment/blinkist/src/component/page/Home/index.test.tsx">
    <testCase name="Home should render input" duration="740"/>
    <testCase name="Home should render containers matching to data length" duration="383"/>
    <testCase name="Home should render a circularbox if library is empty" duration="143"/>
    <testCase name="Home clickable library handler" duration="316"/>
  </file>
  <file path="/home/puneetv/Documents/web/react/Assignment/blinkist/src/component/atom/Icon/index.test.tsx">
    <testCase name="should render passed icon" duration="31"/>
  </file>
  <file path="/home/puneetv/Documents/web/react/Assignment/blinkist/src/component/molecule/tabs/index.test.tsx">
    <testCase name="should render 2 tabw for 2 length data" duration="195"/>
    <testCase name="should have green indicator color for currently reading tab by default" duration="43"/>
  </file>
  <file path="/home/puneetv/Documents/web/react/Assignment/blinkist/src/component/page/BookInfo/index.test.tsx">
    <testCase name="Book Info should render circular bar if data is empty" duration="256"/>
    <testCase name="Book Info should not render circular bar if data is not empty" duration="2103"/>
  </file>
</testExecutions>