<?xml version="1.0" encoding="UTF-8"?>
<testExecutions version="1">
  <file path="/home/puneetv/Documents/web/react/Assignment/blinkist/src/component/molecule/NavIcon/index.test.tsx">
    <testCase name="render the nav icon as well as label" duration="131"/>
    <testCase name="Left icon" duration="28"/>
    <testCase name="Right icon" duration="25"/>
  </file>
  <file path="/home/puneetv/Documents/web/react/Assignment/blinkist/src/component/atom/ProgressBar/index.test.tsx">
    <testCase name="should render progressbar" duration="363"/>
    <testCase name="should render progressbar with value" duration="42"/>
    <testCase name="should render 0 for value undefined" duration="35"/>
  </file>
  <file path="/home/puneetv/Documents/web/react/Assignment/blinkist/src/component/organism/Footer/index.test.tsx">
    <testCase name="Footer renders logo" duration="647"/>
    <testCase name="Footer renders slogan text" duration="101"/>
    <testCase name="Footer renders three topics" duration="129"/>
  </file>
  <file path="/home/puneetv/Documents/web/react/Assignment/blinkist/src/component/molecule/Banner/index.test.tsx">
    <testCase name="Banner Heading" duration="317"/>
    <testCase name="Bannner discription" duration="90"/>
  </file>
  <file path="/home/puneetv/Documents/web/react/Assignment/blinkist/src/component/atom/Input/index.test.tsx">
    <testCase name="should render input element" duration="235"/>
    <testCase name="should be able to type in input" duration="54"/>
  </file>
  <file path="/home/puneetv/Documents/web/react/Assignment/blinkist/src/component/molecule/tabs/index.test.tsx">
    <testCase name="should render 2 tabw for 2 length data" duration="540"/>
    <testCase name="should have green indicator color for currently reading tab by default" duration="102"/>
  </file>
  <file path="/home/puneetv/Documents/web/react/Assignment/blinkist/src/component/atom/Typography/index.test.tsx">
    <testCase name="should render progressbar" duration="194"/>
  </file>
  <file path="/home/puneetv/Documents/web/react/Assignment/blinkist/src/component/atom/Button/index.test.tsx">
    <testCase name="renders button with label" duration="207"/>
  </file>
  <file path="/home/puneetv/Documents/web/react/Assignment/blinkist/src/component/atom/Icon/index.test.tsx">
    <testCase name="should render passed icon" duration="78"/>
  </file>
  <file path="/home/puneetv/Documents/web/react/Assignment/blinkist/src/component/page/MyLibrary/index.test.tsx">
  </file>
  <file path="/home/puneetv/Documents/web/react/Assignment/blinkist/src/component/molecule/Logo/index.test.tsx">
    <testCase name="Logo" duration="98"/>
  </file>
  <file path="/home/puneetv/Documents/web/react/Assignment/blinkist/src/component/organism/Card/index.test.tsx">
    <testCase name="should render same bookname text" duration="215"/>
    <testCase name="should render same writer name text" duration="52"/>
    <testCase name="should render same time read text" duration="38"/>
    <testCase name="should render white background color if inLibrary is true" duration="135"/>
    <testCase name="should render different color of card body when inLibrary is false as well as in hoveredState" duration="142"/>
    <testCase name="should render different color od card box when inLibrary is false as well as in hoveredState" duration="104"/>
    <testCase name="should card-library-handler be clickable and when inLIbrary is false" duration="33"/>
  </file>
  <file path="/home/puneetv/Documents/web/react/Assignment/blinkist/src/component/molecule/Search/index.test.tsx">
    <testCase name="should render input box" duration="242"/>
    <testCase name="should render filtered result of length 2 for Employee search" duration="518"/>
  </file>
  <file path="/home/puneetv/Documents/web/react/Assignment/blinkist/src/component/organism/Explore/index.test.tsx">
    <testCase name="Explore render Explore by category heading" duration="319"/>
    <testCase name="Explore should recently added text to be clickable" duration="157"/>
    <testCase name="Explore should See popular titles to be clickable" duration="181"/>
    <testCase name="Explore Explore by category text should be blue" duration="182"/>
    <testCase name="Explore Nav Icon count should be 26" duration="194"/>
  </file>
</testExecutions>