<?xml version="1.0" encoding="UTF-8"?>
<testExecutions version="1">
  <file path="/home/puneetv/Documents/web/react/Assignment/blinkist/src/component/atom/Input/index.test.tsx">
    <testCase name="should render input element" duration="258"/>
    <testCase name="should be able to type in input" duration="52"/>
  </file>
  <file path="/home/puneetv/Documents/web/react/Assignment/blinkist/src/component/atom/ProgressBar/index.test.tsx">
    <testCase name="should render progressbar" duration="226"/>
    <testCase name="should render progressbar with value" duration="45"/>
    <testCase name="should render 0 for value undefined" duration="90"/>
  </file>
  <file path="/home/puneetv/Documents/web/react/Assignment/blinkist/src/component/organism/Footer/index.test.tsx">
    <testCase name="Footer renders logo" duration="292"/>
    <testCase name="Footer renders slogan text" duration="84"/>
    <testCase name="Footer renders three topics" duration="61"/>
  </file>
  <file path="/home/puneetv/Documents/web/react/Assignment/blinkist/src/component/molecule/NavIcon/index.test.tsx">
    <testCase name="render the nav icon as well as label" duration="127"/>
    <testCase name="Left icon" duration="32"/>
    <testCase name="Right icon" duration="28"/>
  </file>
  <file path="/home/puneetv/Documents/web/react/Assignment/blinkist/src/component/atom/Typography/index.test.tsx">
    <testCase name="should render progressbar" duration="71"/>
  </file>
  <file path="/home/puneetv/Documents/web/react/Assignment/blinkist/src/component/atom/Button/index.test.tsx">
    <testCase name="renders button with label" duration="185"/>
  </file>
  <file path="/home/puneetv/Documents/web/react/Assignment/blinkist/src/component/molecule/tabs/index.test.tsx">
    <testCase name="should render 2 tabw for 2 length data" duration="304"/>
    <testCase name="should have green indicator color for currently reading tab by default" duration="153"/>
  </file>
  <file path="/home/puneetv/Documents/web/react/Assignment/blinkist/src/component/molecule/Banner/index.test.tsx">
    <testCase name="Banner Heading" duration="141"/>
    <testCase name="Bannner discription" duration="25"/>
  </file>
  <file path="/home/puneetv/Documents/web/react/Assignment/blinkist/src/component/atom/Icon/index.test.tsx">
    <testCase name="should render passed icon" duration="61"/>
  </file>
  <file path="/home/puneetv/Documents/web/react/Assignment/blinkist/src/component/molecule/Logo/index.test.tsx">
    <testCase name="Logo" duration="89"/>
  </file>
  <file path="/home/puneetv/Documents/web/react/Assignment/blinkist/src/component/molecule/Search/index.test.tsx">
    <testCase name="should render input box" duration="175"/>
    <testCase name="should render filtered result of length 2 for Employee search" duration="38">
      <failure message="TypeError: Network request failed"><![CDATA[TypeError: Network request failed
    at /home/puneetv/Documents/web/react/Assignment/blinkist/node_modules/whatwg-fetch/dist/fetch.umd.js:535:18
    at Timeout.task [as _onTimeout] (/home/puneetv/Documents/web/react/Assignment/blinkist/node_modules/jsdom/lib/jsdom/browser/Window.js:516:19)
    at listOnTimeout (node:internal/timers:568:17)
    at processTimers (node:internal/timers:510:7)]]></failure>
    </testCase>
  </file>
  <file path="/home/puneetv/Documents/web/react/Assignment/blinkist/src/component/organism/Explore/index.test.tsx">
    <testCase name="Explore render Explore by category heading" duration="278"/>
    <testCase name="Explore should recently added text to be clickable" duration="122"/>
    <testCase name="Explore should See popular titles to be clickable" duration="103"/>
    <testCase name="Explore Explore by category text should be blue" duration="90"/>
    <testCase name="Explore Nav Icon count should be 26" duration="114"/>
  </file>
  <file path="/home/puneetv/Documents/web/react/Assignment/blinkist/src/component/organism/Card/index.test.tsx">
    <testCase name="should render same bookname text" duration="142"/>
    <testCase name="should render same writer name text" duration="34"/>
    <testCase name="should render same time read text" duration="26"/>
    <testCase name="should render white background color if inLibrary is true" duration="99"/>
    <testCase name="should render different color of card body when inLibrary is false as well as in hoveredState" duration="66"/>
    <testCase name="should render different color od card box when inLibrary is false as well as in hoveredState" duration="42"/>
  </file>
</testExecutions>